2015-11-30 10:23:22,118 [nioEventLoopGroup-2-1] INFO - Client connected!: [id: 0x93c3965c, /127.0.0.1:61248 => localhost/127.0.0.1:55555]
2015-11-30 10:23:22,130 [nioEventLoopGroup-2-1] DEBUG - -Dio.netty.leakDetectionLevel: simple
2015-11-30 10:23:22,131 [nioEventLoopGroup-2-1] DEBUG - -Dio.netty.recycler.maxCapacity: 262144
2015-11-30 10:23:22,153 [nioEventLoopGroup-2-1] INFO - SCValidationCode {
  validationCode: 0
}
2015-11-30 10:23:22,156 [nioEventLoopGroup-2-1] INFO - CSClientInfo {
  clientInfo: {
    device: "desktop",
    imei: "",
    version: 1,
    sessionId: "nqdgpsj3u0ko4pq686qehtuuh0",
    metadata: "",
    zone: "BigFoxServerChatExample"
  }
}
2015-11-30 10:23:22,164 [nioEventLoopGroup-2-1] INFO - SCInitSession {
  sessionStatus: 1,
  pingPeriod: 5,
  timeRetriesToReconnect: 4
}
2015-11-30 10:23:24,871 [AWT-EventQueue-0] INFO - CSName {
  msg: "k"
}
2015-11-30 10:23:28,537 [nioEventLoopGroup-2-1] INFO - SCChat {
  msg: "10:23:28
Q: ррр"
}
2015-11-30 10:23:32,109 [AWT-EventQueue-0] INFO - CSChat {
  msg: "jkhk"
}
2015-11-30 10:23:32,113 [nioEventLoopGroup-2-1] INFO - SCChat {
  msg: "10:23:32
k: jkhk"
}
2015-11-30 10:24:07,724 [AWT-EventQueue-0] INFO - CSChat {
  msg: "jkhk"
}
2015-11-30 10:24:07,728 [nioEventLoopGroup-2-1] INFO - SCChat {
  msg: "10:24:7
k: jkhk"
}
2015-11-30 10:24:08,180 [AWT-EventQueue-0] INFO - CSChat {
  msg: "jkhk"
}
2015-11-30 10:24:08,182 [nioEventLoopGroup-2-1] INFO - SCChat {
  msg: "10:24:8
k: jkhk"
}
2015-11-30 10:24:08,420 [AWT-EventQueue-0] INFO - CSChat {
  msg: "jkhk"
}
2015-11-30 10:24:08,424 [nioEventLoopGroup-2-1] INFO - SCChat {
  msg: "10:24:8
k: jkhk"
}
2015-11-30 10:24:08,675 [AWT-EventQueue-0] INFO - CSChat {
  msg: "jkhk"
}
2015-11-30 10:24:08,677 [nioEventLoopGroup-2-1] INFO - SCChat {
  msg: "10:24:8
k: jkhk"
}
2015-11-30 10:24:08,891 [AWT-EventQueue-0] INFO - CSChat {
  msg: "jkhk"
}
2015-11-30 10:24:08,894 [nioEventLoopGroup-2-1] INFO - SCChat {
  msg: "10:24:8
k: jkhk"
}
2015-11-30 10:24:09,147 [AWT-EventQueue-0] INFO - CSChat {
  msg: "jkhk"
}
2015-11-30 10:24:09,150 [nioEventLoopGroup-2-1] INFO - SCChat {
  msg: "10:24:9
k: jkhk"
}
2015-11-30 10:24:09,547 [AWT-EventQueue-0] INFO - CSChat {
  msg: "jkhk"
}
2015-11-30 10:24:09,550 [nioEventLoopGroup-2-1] INFO - SCChat {
  msg: "10:24:9
k: jkhk"
}
2015-11-30 10:24:24,086 [nioEventLoopGroup-2-1] INFO - ChannelClosed: [id: 0x93c3965c, /127.0.0.1:61248 :> localhost/127.0.0.1:55555]
2015-11-30 10:24:25,095 [nioEventLoopGroup-2-1] ERROR - Connection refused: localhost/127.0.0.1:55555
java.net.ConnectException: Connection refused: localhost/127.0.0.1:55555
	at sun.nio.ch.SocketChannelImpl.checkConnect(Native Method)
	at sun.nio.ch.SocketChannelImpl.finishConnect(SocketChannelImpl.java:712)
	at io.netty.channel.socket.nio.NioSocketChannel.doFinishConnect(NioSocketChannel.java:224)
	at io.netty.channel.nio.AbstractNioChannel$AbstractNioUnsafe.finishConnect(AbstractNioChannel.java:289)
	at io.netty.channel.nio.NioEventLoop.processSelectedKey(NioEventLoop.java:527)
	at io.netty.channel.nio.NioEventLoop.processSelectedKeysOptimized(NioEventLoop.java:467)
	at io.netty.channel.nio.NioEventLoop.processSelectedKeys(NioEventLoop.java:381)
	at io.netty.channel.nio.NioEventLoop.run(NioEventLoop.java:353)
	at io.netty.util.concurrent.SingleThreadEventExecutor$4.run(SingleThreadEventExecutor.java:703)
	at io.netty.util.concurrent.DefaultThreadFactory$DefaultRunnableDecorator.run(DefaultThreadFactory.java:137)
	at java.lang.Thread.run(Thread.java:745)
2015-11-30 10:24:29,402 [nioEventLoopGroup-2-1] DEBUG - Freed 16 thread-local buffer(s) from thread: nioEventLoopGroup-2-1
2015-11-30 10:37:03,500 [nioEventLoopGroup-2-1] INFO - Client connected!: [id: 0xad025092, /127.0.0.1:63983 => localhost/127.0.0.1:55555]
2015-11-30 10:37:03,515 [nioEventLoopGroup-2-1] DEBUG - -Dio.netty.leakDetectionLevel: simple
2015-11-30 10:37:03,516 [nioEventLoopGroup-2-1] DEBUG - -Dio.netty.recycler.maxCapacity: 262144
2015-11-30 10:37:03,540 [nioEventLoopGroup-2-1] INFO - SCValidationCode {
  validationCode: 0
}
2015-11-30 10:37:03,544 [nioEventLoopGroup-2-1] INFO - CSClientInfo {
  clientInfo: {
    device: "desktop",
    imei: "",
    version: 1,
    sessionId: "b35a4u9q38r8bu1gn975lsjnch",
    metadata: "",
    zone: "BigFoxServerChatExample"
  }
}
2015-11-30 10:37:03,561 [nioEventLoopGroup-2-1] INFO - SCInitSession {
  sessionStatus: 1,
  pingPeriod: 5,
  timeRetriesToReconnect: 4
}
2015-11-30 10:37:04,810 [AWT-EventQueue-0] INFO - CSName {
  msg: "Q"
}
2015-11-30 10:37:08,000 [AWT-EventQueue-0] INFO - CSChat {
  msg: "abc"
}
2015-11-30 10:37:08,006 [nioEventLoopGroup-2-1] INFO - SCChat {
  msg: "10:37:8
Q: abc"
}
2015-11-30 10:39:04,234 [nioEventLoopGroup-2-1] INFO - SCChat {
  msg: "10:39:4
Q: ggg"
}
2015-11-30 10:39:06,366 [nioEventLoopGroup-2-1] INFO - SCChat {
  msg: "10:39:6
Q: uui"
}
2015-11-30 10:39:38,616 [AWT-EventQueue-0] INFO - CSChat {
  msg: "abc"
}
2015-11-30 10:39:38,619 [nioEventLoopGroup-2-1] INFO - SCChat {
  msg: "10:39:38
Q: abc"
}
2015-11-30 10:39:39,903 [AWT-EventQueue-0] INFO - CSChat {
  msg: "abc"
}
2015-11-30 10:39:39,905 [nioEventLoopGroup-2-1] INFO - SCChat {
  msg: "10:39:39
Q: abc"
}
